[debug] [2024-04-08T06:53:59.720Z] ----------------------------------------------------------------------
[debug] [2024-04-08T06:53:59.722Z] Command:       C:\Program Files\nodejs\node.exe C:\Users\lodhi\AppData\Roaming\npm\node_modules\firebase-tools\lib\bin\firebase.js login
[debug] [2024-04-08T06:53:59.723Z] CLI Version:   13.7.1
[debug] [2024-04-08T06:53:59.723Z] Platform:      win32
[debug] [2024-04-08T06:53:59.723Z] Node Version:  v20.12.1
[debug] [2024-04-08T06:53:59.723Z] Time:          Mon Apr 08 2024 12:23:59 GMT+0530 (India Standard Time)
[debug] [2024-04-08T06:53:59.723Z] ----------------------------------------------------------------------
[debug] 
[info] i  Firebase optionally collects CLI and Emulator Suite usage and error reporting information to help improve our products. Data is collected in accordance with Google's privacy policy (https://policies.google.com/privacy) and is not used to identify you.
 
[info] 
[info] Visit this URL on this device to log in:
[info] https://accounts.google.com/o/oauth2/auth?client_id=563584335869-fgrhgmd47bqnekij5i8b5pr03ho849e6.apps.googleusercontent.com&scope=email%20openid%20https%3A%2F%2Fwww.googleapis.com%2Fauth%2Fcloudplatformprojects.readonly%20https%3A%2F%2Fwww.googleapis.com%2Fauth%2Ffirebase%20https%3A%2F%2Fwww.googleapis.com%2Fauth%2Fcloud-platform&response_type=code&state=448674098&redirect_uri=http%3A%2F%2Flocalhost%3A9005
[info] 
[info] Waiting for authentication...
[debug] [2024-04-08T06:54:20.177Z] Error: spawn cmd ENOENT
    at ChildProcess._handle.onexit (node:internal/child_process:286:19)
    at onErrorNT (node:internal/child_process:484:16)
    at process.processTicksAndRejections (node:internal/process/task_queues:82:21)
[error] 
[error] Error: An unexpected error has occurred.
[debug] [2024-04-08T06:55:59.976Z] ----------------------------------------------------------------------
[debug] [2024-04-08T06:55:59.978Z] Command:       C:\Program Files\nodejs\node.exe C:\Users\lodhi\AppData\Roaming\npm\node_modules\firebase-tools\lib\bin\firebase.js login
[debug] [2024-04-08T06:55:59.978Z] CLI Version:   13.7.1
[debug] [2024-04-08T06:55:59.978Z] Platform:      win32
[debug] [2024-04-08T06:55:59.978Z] Node Version:  v20.12.1
[debug] [2024-04-08T06:55:59.978Z] Time:          Mon Apr 08 2024 12:25:59 GMT+0530 (India Standard Time)
[debug] [2024-04-08T06:55:59.978Z] ----------------------------------------------------------------------
[debug] 
[info] i  Firebase optionally collects CLI and Emulator Suite usage and error reporting information to help improve our products. Data is collected in accordance with Google's privacy policy (https://policies.google.com/privacy) and is not used to identify you.
 
[info] i  To change your data collection preference at any time, run `firebase logout` and log in again. 
[info] 
[info] Visit this URL on this device to log in:
[info] https://accounts.google.com/o/oauth2/auth?client_id=563584335869-fgrhgmd47bqnekij5i8b5pr03ho849e6.apps.googleusercontent.com&scope=email%20openid%20https%3A%2F%2Fwww.googleapis.com%2Fauth%2Fcloudplatformprojects.readonly%20https%3A%2F%2Fwww.googleapis.com%2Fauth%2Ffirebase%20https%3A%2F%2Fwww.googleapis.com%2Fauth%2Fcloud-platform&response_type=code&state=70153702&redirect_uri=http%3A%2F%2Flocalhost%3A9005
[info] 
[info] Waiting for authentication...
[debug] [2024-04-08T06:56:37.483Z] Error: spawn cmd ENOENT
    at ChildProcess._handle.onexit (node:internal/child_process:286:19)
    at onErrorNT (node:internal/child_process:484:16)
    at process.processTicksAndRejections (node:internal/process/task_queues:82:21)
[error] 
[error] Error: An unexpected error has occurred.
